Build started 12/1/2017 6:59:30 PM.
     1>Project "C:\Users\Andres\Documents\GitHub\PROJECT_ATHENA\hlsyn\build\hlsyn.vcxproj" on node 2 (Build target(s)).
     1>ClCompile:
         C:\Program Files (x86)\Microsoft Visual Studio 14.0\VC\bin\x86_amd64\CL.exe /c /Zi /nologo /W4 /WX- /Od /Ob0 /D _DEBUG /D _CRT_SECURE_NO_DEPRECATE /D _CRT_NONSTDC_NO_DEPRECATE /D "CMAKE_INTDIR=\"Debug\"" /D _MBCS /Gm- /RTC1 /MDd /GS /fp:precise /Zc:wchar_t /Zc:forScope /Zc:inline /Fo"hlsyn.dir\Debug\\" /Fd"hlsyn.dir\Debug\vc140.pdb" /Gd /TP /errorReport:prompt C:\Users\Andres\Documents\GitHub\PROJECT_ATHENA\hlsyn\src\scheduler.cpp
         scheduler.cpp
     1>C:\Program Files (x86)\Microsoft Visual Studio 14.0\VC\include\xlocale(341): warning C4530: C++ exception handler used, but unwind semantics are not enabled. Specify /EHsc
     1>C:\Users\Andres\Documents\GitHub\PROJECT_ATHENA\hlsyn\src\scheduler.cpp(20): warning C4100: 'block': unreferenced formal parameter
     1>C:\Users\Andres\Documents\GitHub\PROJECT_ATHENA\hlsyn\src\scheduler.cpp(72): warning C4456: declaration of 'i' hides previous local declaration
         C:\Users\Andres\Documents\GitHub\PROJECT_ATHENA\hlsyn\src\scheduler.cpp(69): note: see declaration of 'i'
     1>C:\Program Files (x86)\Microsoft Visual Studio 14.0\VC\include\limits(214): warning C4577: 'noexcept' used with no exception handling mode specified; termination on exception is not guaranteed. Specify /EHsc
       Link:
         C:\Program Files (x86)\Microsoft Visual Studio 14.0\VC\bin\x86_amd64\link.exe /ERRORREPORT:PROMPT /OUT:"C:\Users\Andres\Documents\GitHub\PROJECT_ATHENA\hlsyn\build\Debug\hlsyn.exe" /INCREMENTAL /NOLOGO kernel32.lib user32.lib gdi32.lib winspool.lib shell32.lib ole32.lib oleaut32.lib uuid.lib comdlg32.lib advapi32.lib /MANIFEST /MANIFESTUAC:"level='asInvoker' uiAccess='false'" /manifest:embed /Debug /PDB:"C:/Users/Andres/Documents/GitHub/PROJECT_ATHENA/hlsyn/build/Debug/hlsyn.pdb" /SUBSYSTEM:CONSOLE /TLBID:1 /DYNAMICBASE /NXCOMPAT /IMPLIB:"C:/Users/Andres/Documents/GitHub/PROJECT_ATHENA/hlsyn/build/Debug/hlsyn.lib" /MACHINE:X64  /machine:x64 /debug hlsyn.dir\Debug\block.obj
         hlsyn.dir\Debug\datapath.obj
         hlsyn.dir\Debug\input.obj
         hlsyn.dir\Debug\main.obj
         hlsyn.dir\Debug\net.obj
         hlsyn.dir\Debug\node.obj
         hlsyn.dir\Debug\output.obj
         hlsyn.dir\Debug\scheduler.obj
         hlsyn.dir\Debug\synthesis.obj
         hlsyn.vcxproj -> C:\Users\Andres\Documents\GitHub\PROJECT_ATHENA\hlsyn\build\Debug\hlsyn.exe
     1>Done Building Project "C:\Users\Andres\Documents\GitHub\PROJECT_ATHENA\hlsyn\build\hlsyn.vcxproj" (Build target(s)).

Build succeeded.

Time Elapsed 00:00:00.85
